{"message":"Unauthorized request to path: /bookmarks","level":"error"}
{"message":"Unauthorized request to path: /bookmarks","level":"error"}
{"message":"Unauthorized request to path: /bookmarks/6bbd2b79-4867-4259-b883-51d37db15b0c","level":"error"}
{"message":"Unauthorized request to path: /bookmarks/6bbd2b79-4867-4259-b883-51d37db15b0c","level":"error"}
{"message":"Unauthorized request to path: /bookmarks","level":"error"}
{"message":"store is not defined","level":"error"}
{"message":"Unauthorized request to path: /bookmarks/6bbd2b79-4867-4259-b883-51d37db15b0c","level":"error"}
{"message":"store is not defined","level":"error"}
{"message":"Unauthorized request to path: /bookmarks/doesnt-exist","level":"error"}
{"message":"store is not defined","level":"error"}
{"message":"Unauthorized request to path: /bookmarks/6bbd2b79-4867-4259-b883-51d37db15b0c","level":"error"}
{"message":"store is not defined","level":"error"}
{"message":"Unauthorized request to path: /bookmarks/doesnt-exist","level":"error"}
{"message":"store is not defined","level":"error"}
{"message":"Unauthorized request to path: /bookmarks","level":"error"}
{"message":"logger is not defined","level":"error"}
{"message":"Unauthorized request to path: /bookmarks","level":"error"}
{"message":"logger is not defined","level":"error"}
{"message":"Unauthorized request to path: /bookmarks","level":"error"}
{"message":"logger is not defined","level":"error"}
{"message":"Unauthorized request to path: /bookmarks","level":"error"}
{"message":"logger is not defined","level":"error"}
{"message":"Unauthorized request to path: /bookmarks","level":"error"}
{"message":"logger is not defined","level":"error"}
{"message":"Unauthorized request to path: /bookmarks","level":"error"}
{"message":"store is not defined","level":"error"}
{"message":"Unauthorized request to path: /bookmarks","level":"error"}
{"message":"Unauthorized request to path: /bookmarks","level":"error"}
{"message":"Unauthorized request to path: /bookmarks/e8b4aafa-e580-4b5d-8ef8-55ca83f4fa86","level":"error"}
{"message":"Unauthorized request to path: /bookmarks/e8b4aafa-e580-4b5d-8ef8-55ca83f4fa86","level":"error"}
{"message":"Unauthorized request to path: /bookmarks","level":"error"}
{"message":"store is not defined","level":"error"}
{"message":"Unauthorized request to path: /bookmarks/e8b4aafa-e580-4b5d-8ef8-55ca83f4fa86","level":"error"}
{"message":"store is not defined","level":"error"}
{"message":"Unauthorized request to path: /bookmarks/doesnt-exist","level":"error"}
{"message":"store is not defined","level":"error"}
{"message":"Unauthorized request to path: /bookmarks/e8b4aafa-e580-4b5d-8ef8-55ca83f4fa86","level":"error"}
{"message":"store is not defined","level":"error"}
{"message":"Unauthorized request to path: /bookmarks/doesnt-exist","level":"error"}
{"message":"store is not defined","level":"error"}
{"message":"Unauthorized request to path: /bookmarks","level":"error"}
{"message":"logger is not defined","level":"error"}
{"message":"Unauthorized request to path: /bookmarks","level":"error"}
{"message":"logger is not defined","level":"error"}
{"message":"Unauthorized request to path: /bookmarks","level":"error"}
{"message":"logger is not defined","level":"error"}
{"message":"Unauthorized request to path: /bookmarks","level":"error"}
{"message":"logger is not defined","level":"error"}
{"message":"Unauthorized request to path: /bookmarks","level":"error"}
{"message":"logger is not defined","level":"error"}
{"message":"Unauthorized request to path: /bookmarks","level":"error"}
{"message":"store is not defined","level":"error"}
{"message":"Unauthorized request to path: /bookmarks","level":"error"}
{"message":"Unauthorized request to path: /bookmarks","level":"error"}
{"message":"Unauthorized request to path: /bookmarks/c76aaf33-7dc0-460a-b668-916532e02a43","level":"error"}
{"message":"Unauthorized request to path: /bookmarks/c76aaf33-7dc0-460a-b668-916532e02a43","level":"error"}
{"message":"Unauthorized request to path: /bookmarks","level":"error"}
{"message":"Unauthorized request to path: /bookmarks/c76aaf33-7dc0-460a-b668-916532e02a43","level":"error"}
{"message":"Unauthorized request to path: /bookmarks/doesnt-exist","level":"error"}
{"message":"Bookmark with id doesnt-exist not found.","level":"error"}
{"message":"Unauthorized request to path: /bookmarks/c76aaf33-7dc0-460a-b668-916532e02a43","level":"error"}
{"message":"Bookmark with id c76aaf33-7dc0-460a-b668-916532e02a43 deleted.","level":"info"}
{"message":"Unauthorized request to path: /bookmarks/doesnt-exist","level":"error"}
{"message":"Bookmark with id doesnt-exist not found.","level":"error"}
{"message":"Unauthorized request to path: /bookmarks","level":"error"}
{"message":"title is required","level":"error"}
{"message":"Unauthorized request to path: /bookmarks","level":"error"}
{"message":"url is required","level":"error"}
{"message":"Unauthorized request to path: /bookmarks","level":"error"}
{"message":"rating is required","level":"error"}
{"message":"Unauthorized request to path: /bookmarks","level":"error"}
{"message":"Invalid rating 'invalid' supplied","level":"error"}
{"message":"Unauthorized request to path: /bookmarks","level":"error"}
{"message":"Invalid url 'htp://invalid-url' supplied","level":"error"}
{"message":"Unauthorized request to path: /bookmarks","level":"error"}
{"message":"Bookmark with id b607d7ab-bf69-49c4-8abb-65edcfd705b7 created","level":"info"}
{"message":"Unauthorized request to path: /bookmarks","level":"error"}
{"message":"Unauthorized request to path: /bookmarks","level":"error"}
{"message":"Unauthorized request to path: /bookmarks/122bf390-f504-4742-bf87-c0db1bcbd9ec","level":"error"}
{"message":"Unauthorized request to path: /bookmarks/122bf390-f504-4742-bf87-c0db1bcbd9ec","level":"error"}
{"message":"Unauthorized request to path: /bookmarks","level":"error"}
{"message":"Unauthorized request to path: /bookmarks/122bf390-f504-4742-bf87-c0db1bcbd9ec","level":"error"}
{"message":"Unauthorized request to path: /bookmarks/doesnt-exist","level":"error"}
{"message":"Bookmark with id doesnt-exist not found.","level":"error"}
{"message":"Unauthorized request to path: /bookmarks/122bf390-f504-4742-bf87-c0db1bcbd9ec","level":"error"}
{"message":"Bookmark with id 122bf390-f504-4742-bf87-c0db1bcbd9ec deleted.","level":"info"}
{"message":"Unauthorized request to path: /bookmarks/doesnt-exist","level":"error"}
{"message":"Bookmark with id doesnt-exist not found.","level":"error"}
{"message":"Unauthorized request to path: /bookmarks","level":"error"}
{"message":"title is required","level":"error"}
{"message":"Unauthorized request to path: /bookmarks","level":"error"}
{"message":"url is required","level":"error"}
{"message":"Unauthorized request to path: /bookmarks","level":"error"}
{"message":"rating is required","level":"error"}
{"message":"Unauthorized request to path: /bookmarks","level":"error"}
{"message":"Invalid rating 'invalid' supplied","level":"error"}
{"message":"Unauthorized request to path: /bookmarks","level":"error"}
{"message":"Invalid url 'htp://invalid-url' supplied","level":"error"}
{"message":"Unauthorized request to path: /bookmarks","level":"error"}
{"message":"Bookmark with id 744e11b3-e7a8-4638-9090-26071f77981e created","level":"info"}
